Build started 24.8.2018 14:16:10.
     1>Project "H:\2018H\CPlusPlus\byrjun\Verkefni1\Verkefni1.vcxproj" on node 2 (Build target(s)).
     1>Link:
         C:\Program Files (x86)\Microsoft Visual Studio 12.0\VC\bin\link.exe /ERRORREPORT:PROMPT /OUT:"H:\2018H\CPlusPlus\byrjun\Debug\Verkefni1.exe" /INCREMENTAL /NOLOGO kernel32.lib user32.lib gdi32.lib winspool.lib comdlg32.lib advapi32.lib shell32.lib ole32.lib oleaut32.lib uuid.lib odbc32.lib odbccp32.lib /MANIFEST /MANIFESTUAC:"level='asInvoker' uiAccess='false'" /manifest:embed /DEBUG /PDB:"H:\2018H\CPlusPlus\byrjun\Debug\Verkefni1.pdb" /SUBSYSTEM:CONSOLE /TLBID:1 /DYNAMICBASE /NXCOMPAT /IMPLIB:"H:\2018H\CPlusPlus\byrjun\Debug\Verkefni1.lib" /MACHINE:X86 Debug\stdafx.obj
     1>MSVCRTD.lib(crtexe.obj) : error LNK2019: unresolved external symbol _main referenced in function ___tmainCRTStartup
     1>H:\2018H\CPlusPlus\byrjun\Debug\Verkefni1.exe : fatal error LNK1120: 1 unresolved externals
     1>Done Building Project "H:\2018H\CPlusPlus\byrjun\Verkefni1\Verkefni1.vcxproj" (Build target(s)) -- FAILED.

Build FAILED.

Time Elapsed 00:00:01.48
